# JRE version: OpenJDK Runtime Environment (8.0_152-b02) (build 1.8.0_152-release-1024-b02)
# Java VM: OpenJDK 64-Bit Server VM (25.152-b02 mixed mode windows-amd64 compressed oops)
Heap:
 PSYoungGen      total 410112K, used 94263K [0x00000000e0000000, 0x00000000fdc80000, 0x0000000100000000)
  eden space 394240K, 20% used [0x00000000e0000000,0x00000000e4fd87e0,0x00000000f8100000)
  from space 15872K, 78% used [0x00000000f9a80000,0x00000000fa6b5590,0x00000000faa00000)
  to   space 26112K, 0% used [0x00000000f8100000,0x00000000f8100000,0x00000000f9a80000)
 ParOldGen       total 190464K, used 73668K [0x00000000a0000000, 0x00000000aba00000, 0x00000000e0000000)
  object space 190464K, 38% used [0x00000000a0000000,0x00000000a47f1158,0x00000000aba00000)
 Metaspace       used 94242K, capacity 98846K, committed 99544K, reserved 1136640K
  class space    used 11849K, capacity 12810K, committed 13056K, reserved 1048576K
GC Heap History (10 events):
Event: 2437.646 GC heap before
{Heap before GC invocations=24 (full 3):
 PSYoungGen      total 358400K, used 351858K [0x00000000e0000000, 0x00000000f7900000, 0x0000000100000000)
  eden space 347136K, 100% used [0x00000000e0000000,0x00000000f5300000,0x00000000f5300000)
  from space 11264K, 41% used [0x00000000f6e00000,0x00000000f729caf0,0x00000000f7900000)
  to   space 19456K, 0% used [0x00000000f5300000,0x00000000f5300000,0x00000000f6600000)
 ParOldGen       total 117760K, used 63884K [0x00000000a0000000, 0x00000000a7300000, 0x00000000e0000000)
  object space 117760K, 54% used [0x00000000a0000000,0x00000000a3e632d8,0x00000000a7300000)
 Metaspace       used 83191K, capacity 87424K, committed 87640K, reserved 1126400K
  class space    used 10668K, capacity 11589K, committed 11648K, reserved 1048576K
Event: 2437.688 GC heap after
Heap after GC invocations=24 (full 3):
 PSYoungGen      total 366592K, used 13308K [0x00000000e0000000, 0x00000000fb380000, 0x0000000100000000)
  eden space 347136K, 0% used [0x00000000e0000000,0x00000000e0000000,0x00000000f5300000)
  from space 19456K, 68% used [0x00000000f5300000,0x00000000f5fff038,0x00000000f6600000)
  to   space 19968K, 0% used [0x00000000fa000000,0x00000000fa000000,0x00000000fb380000)
 ParOldGen       total 117760K, used 64156K [0x00000000a0000000, 0x00000000a7300000, 0x00000000e0000000)
  object space 117760K, 54% used [0x00000000a0000000,0x00000000a3ea7318,0x00000000a7300000)
 Metaspace       used 83191K, capacity 87424K, committed 87640K, reserved 1126400K
  class space    used 10668K, capacity 11589K, committed 11648K, reserved 1048576K
}
Event: 2443.750 GC heap before
{Heap before GC invocations=25 (full 3):
 PSYoungGen      total 366592K, used 360444K [0x00000000e0000000, 0x00000000fb380000, 0x0000000100000000)
  eden space 347136K, 100% used [0x00000000e0000000,0x00000000f5300000,0x00000000f5300000)
  from space 19456K, 68% used [0x00000000f5300000,0x00000000f5fff038,0x00000000f6600000)
  to   space 19968K, 0% used [0x00000000fa000000,0x00000000fa000000,0x00000000fb380000)
 ParOldGen       total 117760K, used 64156K [0x00000000a0000000, 0x00000000a7300000, 0x00000000e0000000)
  object space 117760K, 54% used [0x00000000a0000000,0x00000000a3ea7318,0x00000000a7300000)
 Metaspace       used 85288K, capacity 89604K, committed 89816K, reserved 1128448K
  class space    used 10821K, capacity 11729K, committed 11776K, reserved 1048576K
Event: 2443.766 GC heap after
Heap after GC invocations=25 (full 3):
 PSYoungGen      total 413696K, used 15049K [0x00000000e0000000, 0x00000000faf00000, 0x0000000100000000)
  eden space 398336K, 0% used [0x00000000e0000000,0x00000000e0000000,0x00000000f8500000)
  from space 15360K, 97% used [0x00000000fa000000,0x00000000faeb2660,0x00000000faf00000)
  to   space 20992K, 0% used [0x00000000f8600000,0x00000000f8600000,0x00000000f9a80000)
 ParOldGen       total 117760K, used 64164K [0x00000000a0000000, 0x00000000a7300000, 0x00000000e0000000)
  object space 117760K, 54% used [0x00000000a0000000,0x00000000a3ea9318,0x00000000a7300000)
 Metaspace       used 85288K, capacity 89604K, committed 89816K, reserved 1128448K
  class space    used 10821K, capacity 11729K, committed 11776K, reserved 1048576K
}
Event: 2457.409 GC heap before
{Heap before GC invocations=26 (full 3):
 PSYoungGen      total 413696K, used 278346K [0x00000000e0000000, 0x00000000faf00000, 0x0000000100000000)
  eden space 398336K, 66% used [0x00000000e0000000,0x00000000f0120558,0x00000000f8500000)
  from space 15360K, 97% used [0x00000000fa000000,0x00000000faeb2660,0x00000000faf00000)
  to   space 20992K, 0% used [0x00000000f8600000,0x00000000f8600000,0x00000000f9a80000)
 ParOldGen       total 117760K, used 64164K [0x00000000a0000000, 0x00000000a7300000, 0x00000000e0000000)
  object space 117760K, 54% used [0x00000000a0000000,0x00000000a3ea9318,0x00000000a7300000)
 Metaspace       used 93363K, capacity 98236K, committed 98280K, reserved 1134592K
  class space    used 11864K, capacity 12893K, committed 12928K, reserved 1048576K
Event: 2457.444 GC heap after
Heap after GC invocations=26 (full 3):
 PSYoungGen      total 402944K, used 20966K [0x00000000e0000000, 0x00000000faa00000, 0x0000000100000000)
  eden space 381952K, 0% used [0x00000000e0000000,0x00000000e0000000,0x00000000f7500000)
  from space 20992K, 99% used [0x00000000f8600000,0x00000000f9a79848,0x00000000f9a80000)
  to   space 15872K, 0% used [0x00000000f9a80000,0x00000000f9a80000,0x00000000faa00000)
 ParOldGen       total 117760K, used 71949K [0x00000000a0000000, 0x00000000a7300000, 0x00000000e0000000)
  object space 117760K, 61% used [0x00000000a0000000,0x00000000a46436b0,0x00000000a7300000)
 Metaspace       used 93363K, capacity 98236K, committed 98280K, reserved 1134592K
  class space    used 11864K, capacity 12893K, committed 12928K, reserved 1048576K
}
Event: 2457.444 GC heap before
{Heap before GC invocations=27 (full 4):
 PSYoungGen      total 402944K, used 20966K [0x00000000e0000000, 0x00000000faa00000, 0x0000000100000000)
  eden space 381952K, 0% used [0x00000000e0000000,0x00000000e0000000,0x00000000f7500000)
  from space 20992K, 99% used [0x00000000f8600000,0x00000000f9a79848,0x00000000f9a80000)
  to   space 15872K, 0% used [0x00000000f9a80000,0x00000000f9a80000,0x00000000faa00000)
 ParOldGen       total 117760K, used 71949K [0x00000000a0000000, 0x00000000a7300000, 0x00000000e0000000)
  object space 117760K, 61% used [0x00000000a0000000,0x00000000a46436b0,0x00000000a7300000)
 Metaspace       used 93363K, capacity 98236K, committed 98280K, reserved 1134592K
  class space    used 11864K, capacity 12893K, committed 12928K, reserved 1048576K
Event: 2459.126 GC heap after
Heap after GC invocations=27 (full 4):
 PSYoungGen      total 402944K, used 0K [0x00000000e0000000, 0x00000000faa00000, 0x0000000100000000)
  eden space 381952K, 0% used [0x00000000e0000000,0x00000000e0000000,0x00000000f7500000)
  from space 20992K, 0% used [0x00000000f8600000,0x00000000f8600000,0x00000000f9a80000)
  to   space 15872K, 0% used [0x00000000f9a80000,0x00000000f9a80000,0x00000000faa00000)
 ParOldGen       total 190464K, used 73660K [0x00000000a0000000, 0x00000000aba00000, 0x00000000e0000000)
  object space 190464K, 38% used [0x00000000a0000000,0x00000000a47ef158,0x00000000aba00000)
 Metaspace       used 92780K, capacity 96988K, committed 98280K, reserved 1134592K
  class space    used 11733K, capacity 12675K, committed 12928K, reserved 1048576K
}
Event: 2462.637 GC heap before
{Heap before GC invocations=28 (full 4):
 PSYoungGen      total 402944K, used 381952K [0x00000000e0000000, 0x00000000faa00000, 0x0000000100000000)
  eden space 381952K, 100% used [0x00000000e0000000,0x00000000f7500000,0x00000000f7500000)
  from space 20992K, 0% used [0x00000000f8600000,0x00000000f8600000,0x00000000f9a80000)
  to   space 15872K, 0% used [0x00000000f9a80000,0x00000000f9a80000,0x00000000faa00000)
 ParOldGen       total 190464K, used 73660K [0x00000000a0000000, 0x00000000aba00000, 0x00000000e0000000)
  object space 190464K, 38% used [0x00000000a0000000,0x00000000a47ef158,0x00000000aba00000)
 Metaspace       used 94051K, capacity 98504K, committed 99544K, reserved 1136640K
  class space    used 11832K, capacity 12787K, committed 13056K, reserved 1048576K
Event: 2462.664 GC heap after
Heap after GC invocations=28 (full 4):
 PSYoungGen      total 410112K, used 12501K [0x00000000e0000000, 0x00000000fdc80000, 0x0000000100000000)
  eden space 394240K, 0% used [0x00000000e0000000,0x00000000e0000000,0x00000000f8100000)
  from space 15872K, 78% used [0x00000000f9a80000,0x00000000fa6b5590,0x00000000faa00000)
  to   space 26112K, 0% used [0x00000000f8100000,0x00000000f8100000,0x00000000f9a80000)
 ParOldGen       total 190464K, used 73668K [0x00000000a0000000, 0x00000000aba00000, 0x00000000e0000000)
  object space 190464K, 38% used [0x00000000a0000000,0x00000000a47f1158,0x00000000aba00000)
 Metaspace       used 94051K, capacity 98504K, committed 99544K, reserved 1136640K
  class space    used 11832K, capacity 12787K, committed 13056K, reserved 1048576K
}

